<?xml version="1.0" encoding="UTF-8"?>
<!-- Generated by org.testng.reporters.JUnitReportReporter -->
<testsuite skipped="0" hostname="ptblr-1085-PC" name="testClassPackage.HolidayDemo" tests="4" failures="0" timestamp="14 Feb 2019 07:07:46 GMT" time="106.798" errors="0">
  <testcase name="FlightIndexPage" time="30.410" classname="testClassPackage.HolidayDemo"/>
  <testcase name="SearchResultPage" time="44.848" classname="testClassPackage.HolidayDemo"/>
  <testcase name="sortingacending" time="14.045" classname="testClassPackage.HolidayDemo"/>
  <testcase name="sortingdescending" time="17.495" classname="testClassPackage.HolidayDemo"/>
</testsuite> <!-- testClassPackage.HolidayDemo -->
